<?xml version="1.0" encoding="UTF-8"?>
<!-- Generated by org.testng.reporters.JUnitReportReporter -->
<testsuite hostname="DESKTOP-61QNE0K" failures="0" tests="1" name="com.hrms.testscripts.TC004" time="8.448" errors="0" timestamp="2022-04-24T00:33:26 IST" skipped="0">
  <testcase classname="com.hrms.testscripts.TC004" name="tc004" time="8.448"/>
  <system-out>
    <![CDATA[Application open]]>
  </system-out>
</testsuite> <!-- com.hrms.testscripts.TC004 -->
