<?xml version="1.0" encoding="UTF-8"?>
<!-- Generated by org.testng.reporters.JUnitReportReporter -->
<testsuite hostname="DESKTOP-61QNE0K" failures="0" tests="1" name="com.hrms.testscripts.TC001" time="11.688" errors="0" timestamp="2022-11-01T13:33:45 IST" skipped="0">
  <testcase classname="com.hrms.testscripts.TC001" name="tc001" time="11.688"/>
  <system-out>
    <![CDATA[Application open]]>
  </system-out>
</testsuite> <!-- com.hrms.testscripts.TC001 -->
