<?xml version="1.0" encoding="UTF-8"?>
<!-- Generated by org.testng.reporters.JUnitReportReporter -->
<testsuite hostname="DESKTOP-61QNE0K" failures="0" tests="2" name="testng_prog.Sample_prog_method" time="0.029" errors="0" timestamp="2022-11-01T13:47:43 IST" skipped="0">
  <testcase classname="testng_prog.Sample_prog_method" name="delemp" time="0.015"/>
  <system-out/>
  <testcase classname="testng_prog.Sample_prog_method" name="addnewemp" time="0.014"/>
  <system-out/>
</testsuite> <!-- testng_prog.Sample_prog_method -->
