<?xml version="1.0" encoding="UTF-8"?>
<!-- Generated by org.testng.reporters.JUnitReportReporter -->
<testsuite hostname="DESKTOP-61QNE0K" failures="0" tests="1" name="com.hrms.testscripts.TC003" time="14.699" errors="0" timestamp="2022-04-24T00:33:26 IST" skipped="0">
  <testcase classname="com.hrms.testscripts.TC003" name="tc003" time="14.699"/>
  <system-out>
    <![CDATA[Application open]]>
  </system-out>
</testsuite> <!-- com.hrms.testscripts.TC003 -->
