<?xml version="1.0" encoding="UTF-8"?>
<!-- Generated by org.testng.reporters.JUnitReportReporter -->
<testsuite hostname="DESKTOP-61QNE0K" failures="0" tests="1" name="com.hrms.testscripts.TC002" time="9.932" errors="0" timestamp="2022-04-24T00:33:26 IST" skipped="0">
  <testcase classname="com.hrms.testscripts.TC002" name="tc002" time="9.932"/>
  <system-out>
    <![CDATA[Application open]]>
  </system-out>
</testsuite> <!-- com.hrms.testscripts.TC002 -->
