<?xml version="1.0" encoding="UTF-8"?>
<!-- Generated by org.testng.reporters.JUnitReportReporter -->
<testsuite hostname="DESKTOP-61QNE0K" failures="0" tests="1" name="webdriverExamples.Testng_emp" time="7.466" errors="0" timestamp="2022-11-01T13:30:40 IST" skipped="0">
  <testcase classname="webdriverExamples.Testng_emp" name="login" time="7.466"/>
  <system-out/>
</testsuite> <!-- webdriverExamples.Testng_emp -->
