<?xml version="1.0" encoding="UTF-8"?>
<!-- Generated by org.testng.reporters.JUnitReportReporter -->
<testsuite hostname="DESKTOP-61QNE0K" failures="0" tests="1" name="com.hrms.testscripts.TC004" time="12.672" errors="0" timestamp="2022-11-01T13:39:00 IST" skipped="0">
  <testcase classname="com.hrms.testscripts.TC004" name="tc004" time="12.672"/>
  <system-out>
    <![CDATA[Application open]]>
  </system-out>
</testsuite> <!-- com.hrms.testscripts.TC004 -->
