<?xml version="1.0" encoding="UTF-8"?>
<!-- Generated by org.testng.reporters.JUnitReportReporter -->
<testsuite hostname="DESKTOP-61QNE0K" failures="0" tests="1" name="testng_prog.Excel_WD_Testng" time="14.811" errors="0" timestamp="2022-11-01T13:42:01 IST" skipped="0">
  <testcase classname="testng_prog.Excel_WD_Testng" name="TC001" time="14.811"/>
  <system-out>
    <![CDATA[admin
admin
Application open
login completed
OrangeHRM
Logout completed]]>
  </system-out>
</testsuite> <!-- testng_prog.Excel_WD_Testng -->
