<?xml version="1.0" encoding="UTF-8"?>
<!-- Generated by org.testng.reporters.JUnitReportReporter -->
<testsuite hostname="DESKTOP-61QNE0K" failures="0" tests="2" name="testng_prog.Sample_prog2" time="0.015" errors="0" timestamp="2022-06-16T10:00:44 IST" skipped="0">
  <testcase classname="testng_prog.Sample_prog2" name="delemp" time="0.011"/>
  <system-out/>
  <testcase classname="testng_prog.Sample_prog2" name="addnewemp" time="0.004"/>
  <system-out/>
</testsuite> <!-- testng_prog.Sample_prog2 -->
