<?xml version="1.0" encoding="UTF-8"?>
<!-- Generated by org.testng.reporters.JUnitReportReporter -->
<testsuite hostname="DESKTOP-61QNE0K" failures="0" tests="2" name="testng_prog.Simple_login_emp" time="0.012" errors="0" timestamp="2022-04-24T00:02:43 IST" skipped="0">
  <testcase classname="testng_prog.Simple_login_emp" name="delemp" time="0.002"/>
  <system-out/>
  <testcase classname="testng_prog.Simple_login_emp" name="addnewemp" time="0.010"/>
  <system-out/>
</testsuite> <!-- testng_prog.Simple_login_emp -->
