<?xml version="1.0" encoding="UTF-8"?>
<!-- Generated by org.testng.reporters.JUnitReportReporter -->
<testsuite hostname="DESKTOP-61QNE0K" failures="0" tests="2" name="testng_prog.Simple_login_emp" time="0.015" errors="0" timestamp="2022-11-03T18:59:17 IST" skipped="0">
  <testcase classname="testng_prog.Simple_login_emp" name="delemp" time="0.003"/>
  <system-out/>
  <testcase classname="testng_prog.Simple_login_emp" name="addnewemp" time="0.012"/>
  <system-out/>
</testsuite> <!-- testng_prog.Simple_login_emp -->
