<?xml version="1.0" encoding="UTF-8"?>
<!-- Generated by org.testng.reporters.JUnitReportReporter -->
<testsuite hostname="DESKTOP-61QNE0K" failures="0" tests="1" name="testng_prog.WD_Testng_exp" time="13.039" errors="0" timestamp="2022-04-20T15:21:09 IST" skipped="0">
  <testcase classname="testng_prog.WD_Testng_exp" name="TC001" time="13.039"/>
  <system-out>
    <![CDATA[Application open
login completed
OrangeHRM
Logout completed]]>
  </system-out>
</testsuite> <!-- testng_prog.WD_Testng_exp -->
